T539C 000:002.438   SEGGER J-Link V9.14a Log File
T539C 000:002.617   DLL Compiled: Jan 28 2026 17:11:52
T539C 000:002.660   Logging started @ 2026-04-22 10:52
T539C 000:002.696   Process: C:\Users\a5163766\.eclipse\com.renesas.platform_1223198690\DebugComp\RA\e2-server-gdb.exe
T539C 000:002.741 - 2.735ms 
T539C 000:002.790 JLINK_GetDLLVersion()
T539C 000:002.826 - 0.036ms returns 91401
T539C 000:008.994 JLINK_OpenEx(...)
T539C 000:021.931   Firmware: J-Link OB-S124 compiled Dec 10 2025 15:52:46
T539C 000:023.295   Firmware: J-Link OB-S124 compiled Dec 10 2025 15:52:46
T539C 000:050.835   Hardware: V1.00
T539C 000:050.902   S/N: 831844960
T539C 000:050.924   OEM: SEGGER
T539C 000:050.949   Feature(s): None
T539C 000:052.291   Bootloader: 2019 Oct 15
T539C 000:053.461   USB speed mode: Full speed (12 MBit/s)
T539C 000:054.343   TELNET listener socket opened on port 19021
T539C 000:054.827   WEBSRV WEBSRV_Init(): Starting webserver thread(s)
T539C 000:055.013   WEBSRV Failed to put socket into listener state (port 19080)
T539C 000:055.212   WEBSRV Webserver running on local port 19081
T539C 000:055.466   Looking for J-Link GUI Server exe at: C:\Users\a5163766\.eclipse\com.renesas.platform_1223198690\DebugComp\RA\ARM\Segger_v9.14.1\JLinkGUIServer.exe
T539C 000:055.856   Looking for J-Link GUI Server exe at: \JLinkGUIServer.exe
T539C 000:363.905   Failed to connect to J-Link GUI Server.
T539C 000:364.088 - 355.083ms returns "O.K."
T539C 000:364.318 JLINK_ExecCommand("ProjectFile=C:\Users\a5163766\OneDrive - Renesas Electronics Corporation\Documents\Code\project/project Debug_Flat.jlink", ...). 
T539C 000:390.620 - 26.305ms returns 0x00
T539C 000:391.153 JLINK_ExecCommand("device=R7FA6M4AF", ...). 
T539C 000:392.007   Flash bank @ 0x0100A100: SFL: Parsing sectorization info from ELF file
T539C 000:392.043     FlashDevice.SectorInfo[0]: .SectorSize = 0x00000010, .SectorStartAddr = 0x00000000
T539C 000:392.063   FlashBank @0x0100A100: Sectorization info from SFL ELF file ignored because sectorization override from DLL / XML file is active.
T539C 000:392.099   Flash bank @ 0x00000000: SFL: Parsing sectorization info from ELF file
T539C 000:392.120     FlashDevice.SectorInfo[0]: .SectorSize = 0x00002000, .SectorStartAddr = 0x00000000
T539C 000:392.140   FlashBank @0x00000000: Sectorization info from SFL ELF file ignored because sectorization override from DLL / XML file is active.
T539C 000:392.421   Flash bank @ 0x08000000: SFL: Parsing sectorization info from ELF file
T539C 000:392.451     FlashDevice.SectorInfo[0]: .SectorSize = 0x00000040, .SectorStartAddr = 0x00000000
T539C 000:392.471   FlashBank @0x08000000: Sectorization info from SFL ELF file ignored because sectorization override from DLL / XML file is active.
T539C 000:392.536   Flash bank @ 0x60000000: SFL: Parsing sectorization info from ELF file
T539C 000:392.557     FlashDevice.SectorInfo[0]: .SectorSize = 0x00010000, .SectorStartAddr = 0x00000000
T539C 000:395.634   Device "R7FA6M4AF" selected.
T539C 000:396.501 - 5.346ms returns 0x00
T539C 000:396.534 JLINK_TIF_GetAvailable(...)
T539C 000:397.193 - 0.659ms 
T539C 000:397.232 JLINK_TIF_Select(JLINKARM_TIF_SWD)
T539C 000:399.036 - 1.804ms returns 0x00
T539C 000:399.086 JLINK_SetSpeed(4000)
T539C 000:399.230 - 0.146ms 
T539C 000:399.256 JLINK_ReadMem(0xE000EDF0, 0x4 Bytes, ...)
T539C 000:399.560   ConfigTargetSettings() start
T539C 000:399.583    J-Link Script File: Executing ConfigTargetSettings()
T539C 000:399.600   Configuring FlashDLNoRMWThreshold=0x200 in order to make sure that option bytes programming is done via read-modify-write
T539C 000:419.699   ConfigTargetSettings() end - Took 20.1ms
T539C 000:419.740   InitTarget() start
T539C 000:419.761    J-Link Script File: Executing InitTarget()
T539C 000:419.778   SWD selected. Executing JTAG -> SWD switching sequence.
T539C 000:423.534   DAP initialized successfully.
T539C 000:423.563   Determining TrustZone configuration...
T539C 000:425.920     Secure Debug: Enabled (SSD)
T539C 000:425.944   Determining currently configured transfer type by reading the AHB-AP CSW register.
T539C 000:427.525     --> Correct transfer type configured. Done.
T539C 000:427.551   InitTarget() end - Took 7.78ms
T539C 000:428.656   Found SW-DP with ID 0x6BA02477
T539C 000:432.909   DPIDR: 0x6BA02477
T539C 000:432.965   CoreSight SoC-400 or earlier
T539C 000:432.988   Scanning AP map to find all available APs
T539C 000:435.044   AP[2]: Stopped AP scan as end of AP map has been reached
T539C 000:435.088   AP[0]: AHB-AP (IDR: 0x84770001, ADDR: 0x00000000)
T539C 000:435.109   AP[1]: APB-AP (IDR: 0x54770002, ADDR: 0x01000000)
T539C 000:435.130   Iterating through AP map to find AHB-AP to use
T539C 000:436.841   AP[0]: Core found
T539C 000:436.871   AP[0]: AHB-AP ROM base: 0xE00FE000
T539C 000:437.731   CPUID register: 0x410FD214. Implementer code: 0x41 (ARM)
T539C 000:437.756   Feature set: Mainline
T539C 000:438.570   Cache: No cache
T539C 000:438.599   Found Cortex-M33 r0p4, Little endian.
T539C 000:439.277   -- Max. mem block: 0x000019C0
T539C 000:441.059   CPU_ReadMem(4 bytes @ 0xE000EDF0)
T539C 000:441.961   CPU_ReadMem(4 bytes @ 0xE0002000)
T539C 000:442.644   FPUnit: 8 code (BP) slots and 0 literal slots
T539C 000:442.668   CPU_ReadMem(4 bytes @ 0xE000EDFC)
T539C 000:443.322   CPU_ReadMem(4 bytes @ 0xE0001000)
T539C 000:444.041   CPU_ReadMem(4 bytes @ 0xE0001000)
T539C 000:444.853   CPU_ReadMem(4 bytes @ 0xE0001028)
T539C 000:445.578   CPU_ReadMem(4 bytes @ 0xE0001038)
T539C 000:446.278   CPU_ReadMem(4 bytes @ 0xE0001048)
T539C 000:446.994   CPU_ReadMem(4 bytes @ 0xE0001058)
T539C 000:447.688   CPU_WriteMem(4 bytes @ 0xE0001000)
T539C 000:448.507   CPU_ReadMem(4 bytes @ 0xE000ED88)
T539C 000:449.287   CPU_WriteMem(4 bytes @ 0xE000ED88)
T539C 000:450.107   CPU_ReadMem(4 bytes @ 0xE000ED88)
T539C 000:450.888   CPU_WriteMem(4 bytes @ 0xE000ED88)
T539C 000:451.624   CPU_ReadMem(4 bytes @ 0xE000EFB8)
T539C 000:452.315   Security extension: implemented
T539C 000:452.352   Secure debug: enabled
T539C 000:452.383   CoreSight components:
T539C 000:452.413   ROMTbl[0] @ E00FE000
T539C 000:452.443   CPU_ReadMem(64 bytes @ 0xE00FE000)
T539C 000:453.956   CPU_ReadMem(32 bytes @ 0xE0044FE0)
T539C 000:455.004   CPU_ReadMem(4 bytes @ 0xE0044FBC)
T539C 000:455.685   CPU_ReadMem(4 bytes @ 0xE0044FCC)
T539C 000:456.422   [0][0]: E0044000 CID B105900D PID 005BB906 DEVARCH 00000000 DEVTYPE 14 CTI (?)
T539C 000:456.463   CPU_ReadMem(32 bytes @ 0xE0047FE0)
T539C 000:457.528   CPU_ReadMem(4 bytes @ 0xE0047FBC)
T539C 000:458.194   CPU_ReadMem(4 bytes @ 0xE0047FCC)
T539C 000:458.899   [0][1]: E0047000 CID B105900D PID 003BB908 DEVARCH 00000000 DEVTYPE 12 CSTF
T539C 000:458.944   CPU_ReadMem(32 bytes @ 0xE0048FE0)
T539C 000:460.047   CPU_ReadMem(4 bytes @ 0xE0048FBC)
T539C 000:460.755   CPU_ReadMem(4 bytes @ 0xE0048FCC)
T539C 000:461.449   [0][2]: E0048000 CID B105900D PID 001BB961 DEVARCH 00000000 DEVTYPE 21 TMC
T539C 000:461.502   CPU_ReadMem(32 bytes @ 0xE0049FE0)
T539C 000:462.595   [0][3]: E0049000 CID B105F00D PID 001BB101 TSG
T539C 000:462.645   CPU_ReadMem(32 bytes @ 0xE0040FE0)
T539C 000:463.751   CPU_ReadMem(4 bytes @ 0xE0040FBC)
T539C 000:464.404   CPU_ReadMem(4 bytes @ 0xE0040FCC)
T539C 000:465.239   [0][4]: E0040000 CID B105900D PID 000BBD21 DEVARCH 00000000 DEVTYPE 11 TPIU
T539C 000:465.274   CPU_ReadMem(32 bytes @ 0xE00FFFE0)
T539C 000:466.400   [0][5]: E00FF000 CID B105100D PID 000BB4C9 ROM Table
T539C 000:466.443   ROMTbl[1] @ E00FF000
T539C 000:466.467   CPU_ReadMem(64 bytes @ 0xE00FF000)
T539C 000:468.014   CPU_ReadMem(32 bytes @ 0xE000EFE0)
T539C 000:469.078   CPU_ReadMem(4 bytes @ 0xE000EFBC)
T539C 000:469.777   CPU_ReadMem(4 bytes @ 0xE000EFCC)
T539C 000:470.504   [1][0]: E000E000 CID B105900D PID 000BBD21 DEVARCH 47702A04 DEVTYPE 00 Cortex-M33
T539C 000:470.558   CPU_ReadMem(32 bytes @ 0xE0001FE0)
T539C 000:471.635   CPU_ReadMem(4 bytes @ 0xE0001FBC)
T539C 000:472.409   CPU_ReadMem(4 bytes @ 0xE0001FCC)
T539C 000:473.132   [1][1]: E0001000 CID B105900D PID 000BBD21 DEVARCH 47701A02 DEVTYPE 00 DWT
T539C 000:473.193   CPU_ReadMem(32 bytes @ 0xE0002FE0)
T539C 000:474.282   CPU_ReadMem(4 bytes @ 0xE0002FBC)
T539C 000:475.041   CPU_ReadMem(4 bytes @ 0xE0002FCC)
T539C 000:475.747   [1][2]: E0002000 CID B105900D PID 000BBD21 DEVARCH 47701A03 DEVTYPE 00 FPB
T539C 000:475.800   CPU_ReadMem(32 bytes @ 0xE0000FE0)
T539C 000:476.918   CPU_ReadMem(4 bytes @ 0xE0000FBC)
T539C 000:477.634   CPU_ReadMem(4 bytes @ 0xE0000FCC)
T539C 000:478.364   [1][3]: E0000000 CID B105900D PID 000BBD21 DEVARCH 47701A01 DEVTYPE 43 ITM
T539C 000:478.414   CPU_ReadMem(32 bytes @ 0xE0041FE0)
T539C 000:479.529   CPU_ReadMem(4 bytes @ 0xE0041FBC)
T539C 000:480.260   CPU_ReadMem(4 bytes @ 0xE0041FCC)
T539C 000:481.039   [1][5]: E0041000 CID B105900D PID 002BBD21 DEVARCH 47724A13 DEVTYPE 13 ETM
T539C 000:481.109   CPU_ReadMem(32 bytes @ 0xE0042FE0)
T539C 000:482.125   CPU_ReadMem(4 bytes @ 0xE0042FBC)
T539C 000:482.875   CPU_ReadMem(4 bytes @ 0xE0042FCC)
T539C 000:483.638   [1][6]: E0042000 CID B105900D PID 000BBD21 DEVARCH 47701A14 DEVTYPE 14 CSS600-CTI
T539C 000:483.694   CPU_ReadMem(4 bytes @ 0xE000EDF0)
T539C 000:484.471   Data:  03 00 13 00
T539C 000:484.524   Debug reg: DHCSR
T539C 000:484.577 - 85.319ms returns 0
T539C 000:484.630 JLINK_ReadMem(0x400E002C, 0x4 Bytes, ...)
T539C 000:484.669   CPU_ReadMem(4 bytes @ 0x400E002C)
T539C 000:485.366   Data:  02 00 00 00
T539C 000:485.424 - 0.794ms returns 0
T539C 000:485.521 JLINK_ReadMem(0xE000EDF0, 0x4 Bytes, ...)
T539C 000:485.562   CPU_ReadMem(4 bytes @ 0xE000EDF0)
T539C 000:486.316   Data:  03 00 13 00
T539C 000:486.374   Debug reg: DHCSR
T539C 000:486.423 - 0.902ms returns 0
T539C 000:486.514 JLINK_ReadMem(0xE000EDF0, 0x4 Bytes, ...)
T539C 000:486.565   CPU_ReadMem(4 bytes @ 0xE000EDF0)
T539C 000:487.371   Data:  03 00 13 00
T539C 000:487.437   Debug reg: DHCSR
T539C 000:487.486 - 0.972ms returns 0
T539C 000:487.524 JLINK_ReadMem(0x400E001C, 0x4 Bytes, ...)
T539C 000:487.562   CPU_ReadMem(4 bytes @ 0x400E001C)
T539C 000:488.255   Data:  00 54 00 00
T539C 000:488.317 - 0.792ms returns 0
T539C 000:488.360 JLINK_ReadMem(0xE000EDF0, 0x4 Bytes, ...)
T539C 000:488.398   CPU_ReadMem(4 bytes @ 0xE000EDF0)
T539C 000:489.153   Data:  03 00 13 00
T539C 000:489.228   Debug reg: DHCSR
T539C 000:489.250 - 0.891ms returns 0
T539C 000:489.269 JLINK_ReadMem(0x400E0018, 0x4 Bytes, ...)
T539C 000:489.285   CPU_ReadMem(4 bytes @ 0x400E0018)
T539C 000:489.983   Data:  00 80 00 00
T539C 000:490.019 - 0.750ms returns 0
T539C 000:490.039 JLINK_ReadMem(0xE000EDF0, 0x4 Bytes, ...)
T539C 000:490.055   CPU_ReadMem(4 bytes @ 0xE000EDF0)
T539C 000:490.737   Data:  03 00 13 00
T539C 000:490.788   Debug reg: DHCSR
T539C 000:490.823 - 0.784ms returns 0
T539C 000:490.843 JLINK_ReadMem(0x400E0020, 0x4 Bytes, ...)
T539C 000:490.864   CPU_ReadMem(4 bytes @ 0x400E0020)
T539C 000:491.583   Data:  00 00 00 00
T539C 000:491.608 - 0.764ms returns 0
T539C 000:491.626 JLINK_ReadMem(0xE000EDF0, 0x4 Bytes, ...)
T539C 000:491.641   CPU_ReadMem(4 bytes @ 0xE000EDF0)
T539C 000:492.332   Data:  03 00 13 00
T539C 000:492.357   Debug reg: DHCSR
T539C 000:492.377 - 0.751ms returns 0
T539C 000:492.393 JLINK_ReadMem(0x400E0028, 0x4 Bytes, ...)
T539C 000:492.408   CPU_ReadMem(4 bytes @ 0x400E0028)
T539C 000:493.089   Data:  00 0C 00 00
T539C 000:493.146 - 0.753ms returns 0
T539C 000:493.192 JLINK_ReadMem(0xE000EDF0, 0x4 Bytes, ...)
T539C 000:493.228   CPU_ReadMem(4 bytes @ 0xE000EDF0)
T539C 000:494.033   Data:  03 00 13 00
T539C 000:494.059   Debug reg: DHCSR
T539C 000:494.080 - 0.888ms returns 0
T539C 000:494.096 JLINK_ReadMem(0x400E0024, 0x4 Bytes, ...)
T539C 000:494.111   CPU_ReadMem(4 bytes @ 0x400E0024)
T539C 000:494.796   Data:  00 20 00 00
T539C 000:494.820 - 0.723ms returns 0
T539C 000:494.839 JLINK_ReadMem(0xE000EDF0, 0x4 Bytes, ...)
T539C 000:494.855   CPU_ReadMem(4 bytes @ 0xE000EDF0)
T539C 000:495.549   Data:  03 00 13 00
T539C 000:495.605   Debug reg: DHCSR
T539C 000:495.656 - 0.817ms returns 0
T539C 000:495.695 JLINK_ReadMem(0x400E002C, 0x4 Bytes, ...)
T539C 000:495.738   CPU_ReadMem(4 bytes @ 0x400E002C)
T539C 000:496.563   Data:  02 00 00 00
T539C 000:496.620 - 0.925ms returns 0
T539C 000:496.663 JLINK_ReadMem(0xE000EDF0, 0x4 Bytes, ...)
T539C 000:496.699   CPU_ReadMem(4 bytes @ 0xE000EDF0)
T539C 000:497.590   Data:  03 00 13 00
T539C 000:497.708   Debug reg: DHCSR
T539C 000:497.885 - 1.221ms returns 0
T539C 000:497.947 JLINK_ReadMem(0x400E002C, 0x4 Bytes, ...)
T539C 000:498.039   CPU_ReadMem(4 bytes @ 0x400E002C)
T539C 000:498.781   Data:  02 00 00 00
T539C 000:498.832 - 0.885ms returns 0
T539C 000:498.905 JLINK_ReadMem(0xE000EDF0, 0x4 Bytes, ...)
T539C 000:498.929   CPU_ReadMem(4 bytes @ 0xE000EDF0)
T539C 000:499.533   Data:  03 00 13 00
T539C 000:499.574   Debug reg: DHCSR
T539C 000:499.595 - 0.690ms returns 0
T539C 000:499.614 JLINK_ReadMem(0x400E002C, 0x4 Bytes, ...)
T539C 000:499.631   CPU_ReadMem(4 bytes @ 0x400E002C)
T539C 000:500.331   Data:  02 00 00 00
T539C 000:500.354 - 0.740ms returns 0
T539C 000:500.375 JLINK_ReadMem(0xE000EDF0, 0x4 Bytes, ...)
T539C 000:500.390   CPU_ReadMem(4 bytes @ 0xE000EDF0)
T539C 000:501.105   Data:  03 00 13 00
T539C 000:501.140   Debug reg: DHCSR
T539C 000:501.172 - 0.797ms returns 0
T539C 000:501.197 JLINK_ReadMem(0x400E001C, 0x4 Bytes, ...)
T539C 000:501.220   CPU_ReadMem(4 bytes @ 0x400E001C)
T539C 000:501.930   Data:  00 54 00 00
T539C 000:501.968 - 0.770ms returns 0
T539C 000:501.996 JLINK_ReadMem(0xE000EDF0, 0x4 Bytes, ...)
T539C 000:502.029   CPU_ReadMem(4 bytes @ 0xE000EDF0)
T539C 000:502.649   Data:  03 00 13 00
T539C 000:502.690   Debug reg: DHCSR
T539C 000:502.727 - 0.731ms returns 0
T539C 000:502.755 JLINK_ReadMem(0x400E0018, 0x4 Bytes, ...)
T539C 000:502.786   CPU_ReadMem(4 bytes @ 0x400E0018)
T539C 000:503.513   Data:  00 80 00 00
T539C 000:503.561 - 0.805ms returns 0
T539C 000:503.594 JLINK_ReadMem(0xE000EDF0, 0x4 Bytes, ...)
T539C 000:503.624   CPU_ReadMem(4 bytes @ 0xE000EDF0)
T539C 000:504.365   Data:  03 00 13 00
T539C 000:504.413   Debug reg: DHCSR
T539C 000:504.457 - 0.863ms returns 0
T539C 000:504.491 JLINK_ReadMem(0x400E0020, 0x4 Bytes, ...)
T539C 000:504.522   CPU_ReadMem(4 bytes @ 0x400E0020)
T539C 000:505.233   Data:  00 00 00 00
T539C 000:505.284 - 0.793ms returns 0
T539C 000:505.323 JLINK_ReadMem(0xE000EDF0, 0x4 Bytes, ...)
T539C 000:505.356   CPU_ReadMem(4 bytes @ 0xE000EDF0)
T539C 000:506.063   Data:  03 00 13 00
T539C 000:506.116   Debug reg: DHCSR
T539C 000:506.163 - 0.841ms returns 0
T539C 000:506.200 JLINK_ReadMem(0x400E0028, 0x4 Bytes, ...)
T539C 000:506.237   CPU_ReadMem(4 bytes @ 0x400E0028)
T539C 000:506.992   Data:  00 0C 00 00
T539C 000:507.048 - 0.848ms returns 0
T539C 000:507.089 JLINK_ReadMem(0xE000EDF0, 0x4 Bytes, ...)
T539C 000:507.127   CPU_ReadMem(4 bytes @ 0xE000EDF0)
T539C 000:507.786   Data:  03 00 13 00
T539C 000:507.846   Debug reg: DHCSR
T539C 000:507.897 - 0.808ms returns 0
T539C 000:507.936 JLINK_ReadMem(0x400E0024, 0x4 Bytes, ...)
T539C 000:507.973   CPU_ReadMem(4 bytes @ 0x400E0024)
T539C 000:508.672   Data:  00 20 00 00
T539C 000:508.728 - 0.791ms returns 0
T539C 000:509.141 JLINK_ExecCommand("ScriptFile=C:\Users\a5163766\Downloads\CM_low_power_debug.JLinkScript", ...). 
T539C 000:509.428 - 0.287ms returns 0xFFFFFFFF
T539C 000:509.503 JLINK_SetEndian(ARM_ENDIAN_LITTLE)
T539C 000:509.539 - 0.036ms returns 0
T539C 000:509.581 JLINK_SetInitRegsOnReset(OFF)
T539C 000:509.615 - 0.035ms returns 1
T539C 000:509.652 JLINK_SetResetType(JLINKARM_CM3_RESET_TYPE_CONNECT_UNDER_RESET)
T539C 000:509.687 - 0.035ms returns JLINKARM_CM3_RESET_TYPE_NORMAL
T539C 000:509.726 JLINK_ExecCommand("EnableFlashBPs", ...). 
T539C 000:509.764 - 0.038ms returns 0x00
T539C 000:509.804 JLINK_ExecCommand("SetAllowFlashCache = 1", ...). 
T539C 000:509.840 - 0.036ms returns 0x01
T539C 000:509.879 JLINK_ExecCommand("SetRestartOnClose = 0", ...). 
T539C 000:509.918 - 0.039ms returns 0x01
T539C 000:509.958 JLINK_ExecCommand("SetAllowSimulation = 0", ...). 
T539C 000:509.995 - 0.038ms returns 0x00
T539C 000:510.037 JLINK_EnableSoftBPs(ON)
T539C 000:510.149 - 0.114ms 
T539C 000:510.193 JLINK_Connect()
T539C 000:510.594   ConfigTargetSettings() start
T539C 000:510.654    J-Link Script File: Executing ConfigTargetSettings()
T539C 000:510.691   Configuring FlashDLNoRMWThreshold=0x200 in order to make sure that option bytes programming is done via read-modify-write
T539C 000:532.242   ConfigTargetSettings() end - Took 21.5ms
T539C 000:532.284   InitTarget() start
T539C 000:532.306    J-Link Script File: Executing InitTarget()
T539C 000:532.322   SWD selected. Executing JTAG -> SWD switching sequence.
T539C 000:535.913   DAP initialized successfully.
T539C 000:535.956   Determining TrustZone configuration...
T539C 000:538.192     Secure Debug: Enabled (SSD)
T539C 000:538.219   Determining currently configured transfer type by reading the AHB-AP CSW register.
T539C 000:539.765     --> Correct transfer type configured. Done.
T539C 000:539.790   InitTarget() end - Took 7.48ms
T539C 000:540.878   Found SW-DP with ID 0x6BA02477
T539C 000:545.155   DPIDR: 0x6BA02477
T539C 000:545.186   CoreSight SoC-400 or earlier
T539C 000:545.207   AP map detection skipped. Manually configured AP map found.
T539C 000:545.228   AP[0]: AHB-AP (IDR: Not set, ADDR: 0x00000000)
T539C 000:546.935   AP[0]: Core found
T539C 000:546.967   AP[0]: AHB-AP ROM base: 0xE00FE000
T539C 000:547.746   CPUID register: 0x410FD214. Implementer code: 0x41 (ARM)
T539C 000:547.791   Feature set: Mainline
T539C 000:548.726   Cache: No cache
T539C 000:548.765   Found Cortex-M33 r0p4, Little endian.
T539C 000:549.084   -- Max. mem block: 0x00001748
T539C 000:549.112   CPU_ReadMem(4 bytes @ 0xE000EDF0)
T539C 000:549.739   CPU_ReadMem(4 bytes @ 0xE0002000)
T539C 000:550.478   FPUnit: 8 code (BP) slots and 0 literal slots
T539C 000:550.502   CPU_ReadMem(4 bytes @ 0xE000EDFC)
T539C 000:551.206   CPU_ReadMem(4 bytes @ 0xE0001000)
T539C 000:551.818   CPU_ReadMem(4 bytes @ 0xE0001000)
T539C 000:552.535   CPU_ReadMem(4 bytes @ 0xE0001028)
T539C 000:553.277   CPU_ReadMem(4 bytes @ 0xE0001038)
T539C 000:554.001   CPU_ReadMem(4 bytes @ 0xE0001048)
T539C 000:554.707   CPU_ReadMem(4 bytes @ 0xE0001058)
T539C 000:555.413   CPU_WriteMem(4 bytes @ 0xE0001000)
T539C 000:556.178   CPU_ReadMem(4 bytes @ 0xE000ED88)
T539C 000:556.871   CPU_WriteMem(4 bytes @ 0xE000ED88)
T539C 000:557.624   CPU_ReadMem(4 bytes @ 0xE000ED88)
T539C 000:558.326   CPU_WriteMem(4 bytes @ 0xE000ED88)
T539C 000:559.080   CPU_ReadMem(4 bytes @ 0xE000EFB8)
T539C 000:559.909   Security extension: implemented
T539C 000:559.950   Secure debug: enabled
T539C 000:559.973   CoreSight components:
T539C 000:559.994   ROMTbl[0] @ E00FE000
T539C 000:560.019   CPU_ReadMem(64 bytes @ 0xE00FE000)
T539C 000:561.554   CPU_ReadMem(32 bytes @ 0xE0044FE0)
T539C 000:562.624   CPU_ReadMem(4 bytes @ 0xE0044FBC)
T539C 000:563.315   CPU_ReadMem(4 bytes @ 0xE0044FCC)
T539C 000:564.096   [0][0]: E0044000 CID B105900D PID 005BB906 DEVARCH 00000000 DEVTYPE 14 CTI (?)
T539C 000:564.149   CPU_ReadMem(32 bytes @ 0xE0047FE0)
T539C 000:565.159   CPU_ReadMem(4 bytes @ 0xE0047FBC)
T539C 000:565.831   CPU_ReadMem(4 bytes @ 0xE0047FCC)
T539C 000:566.590   [0][1]: E0047000 CID B105900D PID 003BB908 DEVARCH 00000000 DEVTYPE 12 CSTF
T539C 000:566.614   CPU_ReadMem(32 bytes @ 0xE0048FE0)
T539C 000:567.673   CPU_ReadMem(4 bytes @ 0xE0048FBC)
T539C 000:568.475   CPU_ReadMem(4 bytes @ 0xE0048FCC)
T539C 000:569.257   [0][2]: E0048000 CID B105900D PID 001BB961 DEVARCH 00000000 DEVTYPE 21 TMC
T539C 000:569.311   CPU_ReadMem(32 bytes @ 0xE0049FE0)
T539C 000:570.356   [0][3]: E0049000 CID B105F00D PID 001BB101 TSG
T539C 000:570.413   CPU_ReadMem(32 bytes @ 0xE0040FE0)
T539C 000:571.462   CPU_ReadMem(4 bytes @ 0xE0040FBC)
T539C 000:572.201   CPU_ReadMem(4 bytes @ 0xE0040FCC)
T539C 000:572.909   [0][4]: E0040000 CID B105900D PID 000BBD21 DEVARCH 00000000 DEVTYPE 11 TPIU
T539C 000:572.960   CPU_ReadMem(32 bytes @ 0xE00FFFE0)
T539C 000:574.070   [0][5]: E00FF000 CID B105100D PID 000BB4C9 ROM Table
T539C 000:574.123   ROMTbl[1] @ E00FF000
T539C 000:574.178   CPU_ReadMem(64 bytes @ 0xE00FF000)
T539C 000:575.637   CPU_ReadMem(32 bytes @ 0xE000EFE0)
T539C 000:576.736   CPU_ReadMem(4 bytes @ 0xE000EFBC)
T539C 000:577.491   CPU_ReadMem(4 bytes @ 0xE000EFCC)
T539C 000:578.228   [1][0]: E000E000 CID B105900D PID 000BBD21 DEVARCH 47702A04 DEVTYPE 00 Cortex-M33
T539C 000:578.280   CPU_ReadMem(32 bytes @ 0xE0001FE0)
T539C 000:579.348   CPU_ReadMem(4 bytes @ 0xE0001FBC)
T539C 000:580.105   CPU_ReadMem(4 bytes @ 0xE0001FCC)
T539C 000:580.828   [1][1]: E0001000 CID B105900D PID 000BBD21 DEVARCH 47701A02 DEVTYPE 00 DWT
T539C 000:580.880   CPU_ReadMem(32 bytes @ 0xE0002FE0)
T539C 000:581.912   CPU_ReadMem(4 bytes @ 0xE0002FBC)
T539C 000:582.566   CPU_ReadMem(4 bytes @ 0xE0002FCC)
T539C 000:583.317   [1][2]: E0002000 CID B105900D PID 000BBD21 DEVARCH 47701A03 DEVTYPE 00 FPB
T539C 000:583.345   CPU_ReadMem(32 bytes @ 0xE0000FE0)
T539C 000:584.388   CPU_ReadMem(4 bytes @ 0xE0000FBC)
T539C 000:585.123   CPU_ReadMem(4 bytes @ 0xE0000FCC)
T539C 000:585.845   [1][3]: E0000000 CID B105900D PID 000BBD21 DEVARCH 47701A01 DEVTYPE 43 ITM
T539C 000:585.904   CPU_ReadMem(32 bytes @ 0xE0041FE0)
T539C 000:586.971   CPU_ReadMem(4 bytes @ 0xE0041FBC)
T539C 000:587.830   CPU_ReadMem(4 bytes @ 0xE0041FCC)
T539C 000:588.554   [1][5]: E0041000 CID B105900D PID 002BBD21 DEVARCH 47724A13 DEVTYPE 13 ETM
T539C 000:588.606   CPU_ReadMem(32 bytes @ 0xE0042FE0)
T539C 000:589.666   CPU_ReadMem(4 bytes @ 0xE0042FBC)
T539C 000:590.415   CPU_ReadMem(4 bytes @ 0xE0042FCC)
T539C 000:591.178   [1][6]: E0042000 CID B105900D PID 000BBD21 DEVARCH 47701A14 DEVTYPE 14 CSS600-CTI
T539C 000:591.207 - 81.013ms returns 0x00
T539C 000:591.267 JLINK_Halt()
T539C 000:597.872 - 6.605ms returns 0x00
T539C 000:597.918 JLINK_IsHalted()
T539C 000:598.527 - 0.608ms returns TRUE
T539C 000:598.565 JLINK_ResetPullsRESET(ON)
T539C 000:598.580 - 0.014ms 
T539C 000:598.595 JLINK_Reset()
T539C 000:598.616   ResetTarget() start
T539C 000:598.639    J-Link Script File: Executing ResetTarget()
T539C 000:598.659   CPU_ReadMem(4 bytes @ 0xE000ED44)
T539C 000:599.334   CPU_ReadMem(4 bytes @ 0xE000EE08)
T539C 000:600.113   CPU_WriteMem(4 bytes @ 0xE000EE08)
T539C 000:600.884   CPU_ReadMem(4 bytes @ 0xE000EE08)
T539C 000:601.593   Reset: ARMv8M core with Security Extension enabled detected. Switch to secure domain.
T539C 000:601.645   Reset: Halt core after reset via DEMCR.VC_CORERESET.
T539C 000:601.696   CPU_WriteMem(4 bytes @ 0xE000EDF0)
T539C 000:602.491   CPU_WriteMem(4 bytes @ 0xE000EDFC)
T539C 000:603.753   Reset: Reset device via AIRCR.SYSRESETREQ.
T539C 000:603.810   CPU_WriteMem(4 bytes @ 0xE000ED0C)
T539C 000:657.248   CPU_ReadMem(4 bytes @ 0xE000EDF0)
T539C 000:658.273   CPU_ReadMem(4 bytes @ 0xE000EDF0)
T539C 000:659.321   CPU_WriteMem(4 bytes @ 0xE000EDFC)
T539C 000:660.392   ResetTarget() end - Took 61.7ms
T539C 000:660.500   Device specific reset executed.
T539C 000:667.987   CPU_WriteMem(4 bytes @ 0xE0002000)
T539C 000:669.207   CPU_ReadMem(4 bytes @ 0xE000EDFC)
T539C 000:670.014   CPU_ReadMem(4 bytes @ 0xE0001000)
T539C 000:670.808   CPU_ReadMem(4 bytes @ 0xE000EE08)
T539C 000:671.514 - 72.917ms 
T539C 000:671.598 JLINK_ReadMem(0xE000EDF0, 0x4 Bytes, ...)
T539C 000:671.642   CPU_ReadMem(4 bytes @ 0xE000EDF0)
T539C 000:672.369   Data:  03 00 13 00
T539C 000:672.426   Debug reg: DHCSR
T539C 000:672.476 - 0.877ms returns 0
T539C 000:672.527 JLINK_ReadMem(0x010080F0, 0x10 Bytes, ...)
T539C 000:672.566   CPU_ReadMem(16 bytes @ 0x010080F0)
T539C 000:673.574   Data:  52 37 46 41 36 4D 34 41 46 33 43 46 42 20 20 20
T539C 000:673.647 - 1.119ms returns 0
T539C 000:673.750 JLINK_IsHalted()
T539C 000:673.788 - 0.037ms returns TRUE
T539C 000:674.202 JLINK_IsHalted()
T539C 000:674.247 - 0.044ms returns TRUE
T539C 000:674.287 JLINK_ReadMem(0xE000EDF0, 0x4 Bytes, ...)
T539C 000:674.326   CPU_ReadMem(4 bytes @ 0xE000EDF0)
T539C 000:675.083   Data:  03 00 13 00
T539C 000:675.137   Debug reg: DHCSR
T539C 000:675.185 - 0.898ms returns 0
T539C 000:675.222 JLINK_ReadMem(0x400E002C, 0x4 Bytes, ...)
T539C 000:675.265   CPU_ReadMem(4 bytes @ 0x400E002C)
T539C 000:676.020   Data:  02 00 00 00
T539C 000:676.073 - 0.851ms returns 0
T539C 000:676.126 JLINK_MeasureCPUSpeed(RAMAddr = 0x20000000)
T539C 000:676.173   CPU_ReadMem(16 bytes @ 0x20000000)
T539C 000:677.106   CPU_ReadMem(4 bytes @ 0xE000EDFC)
T539C 000:677.855   CPU_ReadMem(4 bytes @ 0xE0001000)
T539C 000:678.605   CPU_ReadMem(6 bytes @ 0x20000000)
T539C 000:679.421   CPU_ReadMem(4 bytes @ 0xE000ED90)
T539C 000:680.132   CPU_ReadMem(4 bytes @ 0xE000ED94)
T539C 000:680.821   CPU_WriteMem(16 bytes @ 0x20000000)
T539C 000:681.710   CPU_WriteMem(6 bytes @ 0x20000000)
T539C 000:682.484   CPU_ReadMem(6 bytes @ 0x20000000)
T539C 000:683.274   CPU_ReadMem(4 bytes @ 0xE000EE08)
T539C 000:683.965   CPU_WriteMem(4 bytes @ 0xE0002008)
T539C 000:683.990   CPU_WriteMem(4 bytes @ 0xE000200C)
T539C 000:684.011   CPU_WriteMem(4 bytes @ 0xE0002010)
T539C 000:684.031   CPU_WriteMem(4 bytes @ 0xE0002014)
T539C 000:684.052   CPU_WriteMem(4 bytes @ 0xE0002018)
T539C 000:684.073   CPU_WriteMem(4 bytes @ 0xE000201C)
T539C 000:684.094   CPU_WriteMem(4 bytes @ 0xE0002020)
T539C 000:684.188   CPU_WriteMem(4 bytes @ 0xE0002024)
T539C 000:688.265   CPU_WriteMem(4 bytes @ 0xE0001004)
T539C 000:698.848   CPU_ReadMem(4 bytes @ 0xE0001004)
T539C 000:699.533   CPU_ReadMem(4 bytes @ 0xE000EE08)
T539C 000:700.333   CPU_WriteMem(4 bytes @ 0xE0002008)
T539C 000:701.164   CPU_WriteMem(4 bytes @ 0xE000200C)
T539C 000:701.898   CPU_WriteMem(4 bytes @ 0xE0002010)
T539C 000:702.693   CPU_WriteMem(4 bytes @ 0xE0002014)
T539C 000:703.430   CPU_WriteMem(4 bytes @ 0xE0002018)
T539C 000:704.228   CPU_WriteMem(4 bytes @ 0xE000201C)
T539C 000:704.964   CPU_WriteMem(4 bytes @ 0xE0002020)
T539C 000:705.723   CPU_WriteMem(4 bytes @ 0xE0002024)
T539C 000:706.507   CPU_ReadMem(4 bytes @ 0xE000EE08)
T539C 000:707.229   CPU_ReadMem(4 bytes @ 0xE000EE08)
T539C 000:707.993   CPU_WriteMem(4 bytes @ 0xE0001004)
T539C 000:739.252   CPU_ReadMem(4 bytes @ 0xE0001004)
T539C 000:740.181   CPU_WriteMem(6 bytes @ 0x20000000)
T539C 000:741.148   ClockFreq: 2068800 Hz
T539C 000:741.239 - 65.112ms returns 2068800
T539C 000:741.289 JLINK_ReadReg(XPSR)
T539C 000:741.327   CPU_ReadMem(4 bytes @ 0xE000EE08)
T539C 000:742.166 - 0.876ms returns 0xF9000000
T39D4 003:001.310 JLINK_ResetPullsRESET(ON)
T39D4 003:001.391 - 0.080ms 
T39D4 003:001.408 JLINK_Halt()
T39D4 003:002.005 - 0.596ms returns 0x00
T39D4 003:002.050 JLINK_IsHalted()
T39D4 003:002.065 - 0.015ms returns TRUE
T39D4 003:002.081 JLINK_Reset()
T39D4 003:002.100   ResetTarget() start
T39D4 003:002.122    J-Link Script File: Executing ResetTarget()
T39D4 003:002.143   CPU_ReadMem(4 bytes @ 0xE000ED44)
T39D4 003:002.759   CPU_ReadMem(4 bytes @ 0xE000EE08)
T39D4 003:003.489   CPU_WriteMem(4 bytes @ 0xE000EE08)
T39D4 003:004.319   CPU_ReadMem(4 bytes @ 0xE000EE08)
T39D4 003:004.992   Reset: ARMv8M core with Security Extension enabled detected. Switch to secure domain.
T39D4 003:005.016   Reset: Halt core after reset via DEMCR.VC_CORERESET.
T39D4 003:005.040   CPU_WriteMem(4 bytes @ 0xE000EDF0)
T39D4 003:005.760   CPU_WriteMem(4 bytes @ 0xE000EDFC)
T39D4 003:006.994   Reset: Reset device via AIRCR.SYSRESETREQ.
T39D4 003:007.032   CPU_WriteMem(4 bytes @ 0xE000ED0C)
T39D4 003:059.987   CPU_ReadMem(4 bytes @ 0xE000EDF0)
T39D4 003:061.594   CPU_ReadMem(4 bytes @ 0xE000EDF0)
T39D4 003:062.476   CPU_WriteMem(4 bytes @ 0xE000EDFC)
T39D4 003:063.323   ResetTarget() end - Took 61.1ms
T39D4 003:063.362   Device specific reset executed.
T39D4 003:070.617   CPU_WriteMem(4 bytes @ 0xE0002000)
T39D4 003:071.417   CPU_ReadMem(4 bytes @ 0xE000EDFC)
T39D4 003:072.042   CPU_ReadMem(4 bytes @ 0xE0001000)
T39D4 003:072.684   CPU_ReadMem(4 bytes @ 0xE000EE08)
T39D4 003:073.340 - 71.258ms 
T39D4 003:073.377 JLINK_SetEndian(ARM_ENDIAN_LITTLE)
T39D4 003:073.393 - 0.015ms returns 0
T39D4 003:074.221 JLINK_BeginDownload(Flags = 0x00000000)
T39D4 003:074.302 - 0.081ms 
T39D4 003:095.793 JLINK_ReadMem(0xE000EDF0, 0x4 Bytes, ...)
T39D4 003:095.910   CPU_ReadMem(4 bytes @ 0xE000EDF0)
T39D4 003:096.630   Data:  03 00 13 00
T39D4 003:096.697   Debug reg: DHCSR
T39D4 003:096.720 - 0.928ms returns 0
T39D4 003:098.201 JLINK_WriteMem(0x00000000, 0x7C Bytes, ...)
T39D4 003:098.309   Data:  20 04 00 20 31 47 00 00 7D 45 00 00 2D 47 00 00 ...
T39D4 003:100.092   completely In flash
T39D4 003:100.172 - 1.971ms returns 0x7C
T39D4 003:100.798 JLINK_WriteMem(0x0000007C, 0xC Bytes, ...)
T39D4 003:100.844   Data:  A0 0F 00 00 05 00 00 00 40 00 35 00
T39D4 003:100.895   completely In flash
T39D4 003:100.926 - 0.127ms returns 0xC
T39D4 003:101.675 JLINK_WriteMem(0x00000088, 0xBC8 Bytes, ...)
T39D4 003:101.724   Data:  03 48 04 4B 83 42 02 D0 03 4B 03 B1 18 47 70 47 ...
T39D4 003:101.753   completely In flash
T39D4 003:101.776 - 0.101ms returns 0xBC8
T39D4 003:102.244 JLINK_WriteMem(0x00000C50, 0xBA0 Bytes, ...)
T39D4 003:102.281   Data:  B0 B9 12 4B 1B 78 00 2B FB D0 00 23 0F 4A 13 70 ...
T39D4 003:102.308   completely In flash
T39D4 003:102.332 - 0.088ms returns 0xBA0
T39D4 003:102.879 JLINK_WriteMem(0x000017F0, 0xB90 Bytes, ...)
T39D4 003:102.907   Data:  2B B1 06 21 20 46 FF F7 1C FE 01 46 60 E7 20 46 ...
T39D4 003:102.933   completely In flash
T39D4 003:102.955 - 0.076ms returns 0xB90
T39D4 003:103.336 JLINK_WriteMem(0x00002380, 0xB70 Bytes, ...)
T39D4 003:103.366   Data:  08 03 93 70 23 68 5B 6A 1A 78 01 2A 4A D0 04 21 ...
T39D4 003:103.390   completely In flash
T39D4 003:103.412 - 0.075ms returns 0xB70
T39D4 003:103.907 JLINK_WriteMem(0x00002EF0, 0xBB0 Bytes, ...)
T39D4 003:103.930   Data:  33 78 1B B9 73 68 5B 08 01 3B 00 93 33 78 01 2B ...
T39D4 003:103.952   completely In flash
T39D4 003:103.974 - 0.067ms returns 0xBB0
T39D4 003:104.460 JLINK_WriteMem(0x00003AA0, 0xBA0 Bytes, ...)
T39D4 003:104.483   Data:  42 F8 24 30 10 BD 00 BF 00 E1 00 E0 03 7B 53 B1 ...
T39D4 003:104.578   completely In flash
T39D4 003:104.609 - 0.149ms returns 0xBA0
T39D4 003:105.008 JLINK_WriteMem(0x00004640, 0xB90 Bytes, ...)
T39D4 003:105.037   Data:  13 20 00 2A F7 D0 03 F1 C0 01 07 48 40 F8 21 20 ...
T39D4 003:105.062   completely In flash
T39D4 003:105.084 - 0.076ms returns 0xB90
T39D4 003:105.444 JLINK_WriteMem(0x000051D0, 0x188 Bytes, ...)
T39D4 003:105.466   Data:  75 32 00 00 7F 32 00 00 83 32 00 00 87 32 00 00 ...
T39D4 003:105.487   completely In flash
T39D4 003:105.509 - 0.065ms returns 0x188
T39D4 003:105.898 JLINK_WriteMem(0x00005358, 0x4 Bytes, ...)
T39D4 003:105.923   Data:  F8 B5 00 BF
T39D4 003:105.946   completely In flash
T39D4 003:105.967 - 0.069ms returns 0x4
T39D4 003:106.378 JLINK_WriteMem(0x0000535C, 0x4 Bytes, ...)
T39D4 003:106.402   Data:  F8 B5 00 BF
T39D4 003:106.424   completely In flash
T39D4 003:106.445 - 0.067ms returns 0x4
T39D4 003:106.844 JLINK_WriteMem(0x00005360, 0x4 Bytes, ...)
T39D4 003:106.867   Data:  F5 00 00 00
T39D4 003:106.890   completely In flash
T39D4 003:106.910 - 0.066ms returns 0x4
T39D4 003:107.303 JLINK_WriteMem(0x00005364, 0x4 Bytes, ...)
T39D4 003:107.326   Data:  CD 00 00 00
T39D4 003:107.349   completely In flash
T39D4 003:107.370 - 0.067ms returns 0x4
T39D4 003:107.874 JLINK_WriteMem(0x0100A100, 0x4 Bytes, ...)
T39D4 003:107.901   Data:  FF FF FF FF
T39D4 003:109.123   completely In flash
T39D4 003:109.168 - 1.294ms returns 0x4
T39D4 003:109.778 JLINK_WriteMem(0x0100A200, 0x4 Bytes, ...)
T39D4 003:109.815   Data:  FF FD FF FF
T39D4 003:109.841   completely In flash
T39D4 003:109.863 - 0.086ms returns 0x4
T39D4 003:110.426 JLINK_WriteMem(0x0100A280, 0x4 Bytes, ...)
T39D4 003:110.467   Data:  F8 F8 FF FF
T39D4 003:110.491   completely In flash
T39D4 003:110.512 - 0.086ms returns 0x4
T39D4 003:126.659 JLINK_EndDownload()
T39D4 003:127.169   CPU_ReadMem(4 bytes @ 0xE000ED90)
T39D4 003:127.898   CPU_ReadMem(4 bytes @ 0xE000ED94)
T39D4 003:128.648    -- --------------------------------------
T39D4 003:128.686    -- Start of determining flash info (Bank @ 0x0100A100)
T39D4 003:128.710    -- End of determining flash info
T39D4 003:128.872    -- Start of determining dirty areas in flash cache
T39D4 003:128.895    -- Filling invalid ranges in sector buffer (flash cache) for sector @ 0x0100A100 if necessary
T39D4 003:128.919    -- Filling invalid ranges in sector buffer (flash cache) for sector @ 0x0100A200 if necessary
T39D4 003:128.941    -- Filling invalid ranges in sector buffer (flash cache) for sector @ 0x0100A280 if necessary
T39D4 003:128.963    -- End of determining dirty areas
T39D4 003:128.984    -- Start of preparing flash programming
T39D4 003:129.074    -- Preparing RAMCode
T39D4 003:129.098    -- Calculating RAM usage
T39D4 003:129.119    -- RAM usage = 5112 Bytes
T39D4 003:129.140    -- Preserving CPU registers
T39D4 003:129.806    -- Preparing memory
T39D4 003:129.834    -- Determining CPU clock frequency
T39D4 003:188.816    -- CPU frequency = 2070 kHz
T39D4 003:188.884    -- Preparing target
T39D4 003:188.906    -- Preserving target RAM temporarily used for programming
T39D4 003:249.082    -- Downloading RAMCode
T39D4 003:330.601    -- Initializing RAMCode (InitType: 3 = Verify)
T39D4 003:330.964    -- Executing Init(3)
T39D4 003:355.675    -- End of preparing flash programming
T39D4 003:355.894   
  ***** Warning: 
T39D4 003:355.970   CPU is running at low speed (2070 kHz).
T39D4 003:356.045    -- CPU is running at 2070 kHz.
T39D4 003:356.123    -- Start of comparing flash
T39D4 003:356.201    -- Flash algorithm supports a native verify function which is used to compare the flash content.
T39D4 003:356.300    -- Comparing range 0x100A100 - 0x100A10F (1 Sector, 16 Bytes), using verify function of the RAMCode
T39D4 003:358.955    -- Data matches for sector 0
T39D4 003:359.122    -- Comparing range 0x100A200 - 0x100A20F (1 Sector, 16 Bytes), using verify function of the RAMCode
T39D4 003:361.813    -- Data matches for sector 16
T39D4 003:361.976    -- Comparing range 0x100A280 - 0x100A28F (1 Sector, 16 Bytes), using verify function of the RAMCode
T39D4 003:364.533    -- Data matches for sector 24
T39D4 003:364.808    -- End of comparing flash
T39D4 003:364.890    -- Start of erasing sectors
T39D4 003:364.961    -- End of erasing sectors
T39D4 003:365.057    -- Start of flash programming
T39D4 003:365.666    -- End of flash programming
T39D4 003:365.882    -- Start of verifying flash
T39D4 003:366.017    -- End of verifying flash
T39D4 003:366.148    -- Start of restoring
T39D4 003:366.318    -- Executing UnInit()
T39D4 003:375.683    -- Restoring target memory
T39D4 003:428.559    -- Restoring CPU registers
T39D4 003:430.165    -- End of restoring
T39D4 003:430.530    -- Bank 0 @ 0x0100A100: Skipped. Contents already match
T39D4 003:430.644    -- Bank 0 @ 0x0100A100: Skipped. Contents already match
T39D4 003:430.774    -- --------------------------------------
T39D4 003:431.082    -- Start of determining flash info (Bank @ 0x00000000)
T39D4 003:431.750    -- End of determining flash info
T39D4 003:431.968    -- Start of determining dirty areas in flash cache
T39D4 003:432.121    -- Filling invalid ranges in sector buffer (flash cache) for sector @ 0x00000000 if necessary
T39D4 003:432.265    -- Filling invalid ranges in sector buffer (flash cache) for sector @ 0x00002000 if necessary
T39D4 003:432.404    -- Filling invalid ranges in sector buffer (flash cache) for sector @ 0x00004000 if necessary
T39D4 003:433.308    -- End of determining dirty areas
T39D4 003:433.566    -- Start of preparing flash programming
T39D4 003:433.648    -- Preparing RAMCode
T39D4 003:433.728    -- Calculating RAM usage
T39D4 003:433.808    -- RAM usage = 11120 Bytes
T39D4 003:433.885    -- Preserving CPU registers
T39D4 003:434.057    -- Preparing memory
T39D4 003:434.136    -- Determining CPU clock frequency
T39D4 003:494.452    -- CPU frequency = 2068 kHz
T39D4 003:494.724    -- Preparing target
T39D4 003:494.827    -- Preserving target RAM temporarily used for programming
T39D4 003:628.496    -- Downloading RAMCode
T39D4 003:683.621    -- Initializing RAMCode (InitType: 3 = Verify)
T39D4 003:683.870    -- Executing Init(3)
T39D4 003:707.119    -- End of preparing flash programming
T39D4 003:707.338   
  ***** Warning: 
T39D4 003:707.451   CPU is running at low speed (2068 kHz).
T39D4 003:707.528    -- CPU is running at 2068 kHz.
T39D4 003:707.607    -- Start of comparing flash
T39D4 003:707.698    -- CRC check was estimated as fastest method
T39D4 003:707.780    -- Comparing range 0x0000 - 0x5FFF (3 Sectors, 24 KB), using single-block CRC calculation
T39D4 003:723.177    -- CRC matches
T39D4 003:723.408    -- Comparing range 0x0000 - 0x5FFF (3 Sectors, 24 KB), using alternative single-block CRC calculation
T39D4 003:739.239    -- CRC matches
T39D4 003:739.433    -- End of comparing flash
T39D4 003:739.524    -- Start of erasing sectors
T39D4 003:739.604    -- End of erasing sectors
T39D4 003:739.681    -- Start of flash programming
T39D4 003:739.756    -- End of flash programming
T39D4 003:739.847    -- Start of verifying flash
T39D4 003:739.923    -- End of verifying flash
T39D4 003:739.998    -- Start of restoring
T39D4 003:740.076    -- Executing UnInit()
T39D4 003:749.436    -- Restoring target memory
T39D4 003:862.332    -- Restoring CPU registers
T39D4 003:864.039    -- End of restoring
T39D4 003:864.640    -- Bank 1 @ 0x00000000: Skipped. Contents already match
T39D4 003:864.784    -- Bank 1 @ 0x00000000: Skipped. Contents already match
T39D4 003:883.378 - 756.717ms returns 0 (0x0)
T39D4 003:884.591 JLINK_WriteReg(R15 (PC), 0x00004730)
T39D4 003:884.651 - 0.060ms returns 0
T39D4 003:884.671 JLINK_WriteReg(XPSR, 0x01000000)
T39D4 003:884.688 - 0.017ms returns 0
T39D4 003:885.744 JLINK_ResetPullsRESET(ON)
T39D4 003:885.826 - 0.081ms 
T39D4 003:885.846 JLINK_Halt()
T39D4 003:885.866 - 0.019ms returns 0x00
T39D4 003:885.885 JLINK_IsHalted()
T39D4 003:885.904 - 0.019ms returns TRUE
T39D4 003:885.924 JLINK_Reset()
T39D4 003:885.947   ResetTarget() start
T39D4 003:885.975    J-Link Script File: Executing ResetTarget()
T39D4 003:886.000   CPU_ReadMem(4 bytes @ 0xE000ED44)
T39D4 003:886.708   CPU_ReadMem(4 bytes @ 0xE000EE08)
T39D4 003:887.488   CPU_WriteMem(4 bytes @ 0xE000EE08)
T39D4 003:888.309   CPU_ReadMem(4 bytes @ 0xE000EE08)
T39D4 003:889.004   Reset: ARMv8M core with Security Extension enabled detected. Switch to secure domain.
T39D4 003:889.030   Reset: Halt core after reset via DEMCR.VC_CORERESET.
T39D4 003:889.056   CPU_WriteMem(4 bytes @ 0xE000EDF0)
T39D4 003:889.761   CPU_WriteMem(4 bytes @ 0xE000EDFC)
T39D4 003:891.027   Reset: Reset device via AIRCR.SYSRESETREQ.
T39D4 003:891.102   CPU_WriteMem(4 bytes @ 0xE000ED0C)
T39D4 003:943.828   CPU_ReadMem(4 bytes @ 0xE000EDF0)
T39D4 003:944.978   CPU_ReadMem(4 bytes @ 0xE000EDF0)
T39D4 003:946.075   CPU_WriteMem(4 bytes @ 0xE000EDFC)
T39D4 003:947.168   ResetTarget() end - Took 61.1ms
T39D4 003:947.244   Device specific reset executed.
T39D4 003:954.747   CPU_WriteMem(4 bytes @ 0xE0002000)
T39D4 003:955.913   CPU_ReadMem(4 bytes @ 0xE000EDFC)
T39D4 003:956.696   CPU_ReadMem(4 bytes @ 0xE0001000)
T39D4 003:957.420   CPU_ReadMem(4 bytes @ 0xE000EE08)
T39D4 003:958.107 - 72.181ms 
T39D4 003:958.160 JLINK_SetEndian(ARM_ENDIAN_LITTLE)
T39D4 003:958.193 - 0.033ms returns 0
T39D4 003:996.286 JLINK_ReadMem(0x00004730, 0x4 Bytes, ...)
T39D4 003:996.368    -- Read from flash cache (4 bytes @ 0x00004730)
T39D4 003:996.400   Data:  08 B5 00 F0
T39D4 003:996.434 - 0.147ms returns 0
T39D4 004:002.344 JLINK_ReadMem(0x00004730, 0x4 Bytes, ...)
T39D4 004:002.452    -- Read from flash cache (4 bytes @ 0x00004730)
T39D4 004:002.504   Data:  08 B5 00 F0
T39D4 004:002.556 - 0.212ms returns 0
T39D4 004:120.745 JLINK_GetNumBPUnits(Type = 0xFFFFFF00)
T39D4 004:120.855 - 0.110ms returns 0x08
T39D4 004:120.893 JLINK_GetNumWPUnits()
T39D4 004:120.929 - 0.035ms returns 4
T39D4 004:120.972 JLINK_GetNumBPUnits(Type = 0xFFFFFF00)
T39D4 004:121.009 - 0.036ms returns 0x08
T39D4 004:121.045 JLINK_GetNumWPUnits()
T39D4 004:121.080 - 0.034ms returns 4
T39D4 004:121.121 JLINK_GetNumBPUnits(Type = 0xFFFFFF00)
T39D4 004:121.165 - 0.044ms returns 0x08
T39D4 004:121.207 JLINK_GetNumWPUnits()
T39D4 004:121.241 - 0.033ms returns 4
T39D4 004:121.304 JLINK_SetBPEx(Addr = 0x00000F54, Type = 0xFFFFFF00)
T39D4 004:121.347 - 0.043ms returns 0x00000001
T39D4 004:121.388 JLINK_ClrBPEx(BPHandle = 0x00000001)
T39D4 004:121.425 - 0.036ms returns 0x00
T39D4 004:156.128 JLINK_ReadMem(0x00000F40, 0x40 Bytes, ...)
T39D4 004:156.248    -- Read from flash cache (64 bytes @ 0x00000F40)
T39D4 004:156.300   Data:  98 FC F1 E7 78 09 00 20 90 4B 00 00 DC 4C 00 00 ...
T39D4 004:156.349 - 0.220ms returns 0
T39D4 004:157.997 JLINK_ReadMem(0x00000F56, 0x2 Bytes, ...)
T39D4 004:158.057    -- Read from flash cache (2 bytes @ 0x00000F56)
T39D4 004:158.078   Data:  FF F7
T39D4 004:158.100 - 0.103ms returns 0
T39D4 004:158.695 JLINK_SetBPEx(Addr = 0x00000F56, Type = 0xFFFFFF00)
T39D4 004:158.742 - 0.047ms returns 0x00000002
T39D4 004:276.705 JLINK_ReadRegs(NumRegs = 20)
T39D4 004:276.805   CPU_ReadMem(4 bytes @ 0xE000EE08)
T39D4 004:277.538   
  R0 (0)        = 0x00                 R1 (1)        = 0x00                 R2 (2)        = 0x00                 R3 (3)        = 0x00              
  R4 (4)        = 0x00                 R5 (5)        = 0x00                 R6 (6)        = 0x00                 R7 (7)        = 0x00              
  R8 (8)        = 0x2003FB00           R9 (9)        = 0x2003FB00           R10 (10)      = 0x20007FDE           R11 (11)      = 0x01              
  R12 (12)      = 0x01                 R13 (SP) (13) = 0x20000420           R14 (14)      = 0xFFFFFFFF           R15 (PC) (15) = 0x4730            
  XPSR (16)     = 0xF9000000           MSPLIM (86)   = 0x00                 PSPLIM (87)   = 0x00                 CFBP (20)     = 0x00              
T39D4 004:277.567 - 0.861ms returns 0x00
T39D4 004:278.941 JLINK_ReadMem(0x00004730, 0x4 Bytes, ...)
T39D4 004:279.009    -- Read from flash cache (4 bytes @ 0x00004730)
T39D4 004:279.030   Data:  08 B5 00 F0
T39D4 004:279.051 - 0.110ms returns 0
T0B1C 004:382.547 JLINK_GetNumBPUnits(Type = 0xFFFFFF00)
T0B1C 004:382.601 - 0.053ms returns 0x08
T0B1C 004:382.619 JLINK_GetNumWPUnits()
T0B1C 004:382.633 - 0.014ms returns 4
T0B1C 004:383.089 JLINK_GetNumBPUnits(Type = 0xFFFFFF00)
T0B1C 004:383.163 - 0.073ms returns 0x08
T0B1C 004:383.225 JLINK_GetNumWPUnits()
T0B1C 004:383.242 - 0.017ms returns 4
T0B1C 004:384.453 JLINK_GetNumBPUnits(Type = 0xFFFFFF00)
T0B1C 004:384.529 - 0.076ms returns 0x08
T0B1C 004:384.567 JLINK_GetNumWPUnits()
T0B1C 004:384.601 - 0.034ms returns 4
T39D4 004:384.926 JLINK_ReadMem(0x00004730, 0x4 Bytes, ...)
T39D4 004:384.966    -- Read from flash cache (4 bytes @ 0x00004730)
T39D4 004:384.988   Data:  08 B5 00 F0
T39D4 004:385.010 - 0.084ms returns 0
T0B1C 004:385.549 JLINK_ReadReg(XPSR)
T0B1C 004:385.588 - 0.038ms returns 0xF9000000
T0B1C 004:385.604 JLINK_ReadReg(R15 (PC))
T0B1C 004:385.618 - 0.014ms returns 0x00004730
T0B1C 004:385.835 JLINK_GetNumBPUnits(Type = 0xFFFFFF00)
T0B1C 004:385.863 - 0.027ms returns 0x08
T0B1C 004:385.878 JLINK_GetNumWPUnits()
T0B1C 004:385.906 - 0.027ms returns 4
T0B1C 004:386.259 JLINK_GetNumBPUnits(Type = 0xFFFFFF00)
T0B1C 004:386.353 - 0.094ms returns 0x08
T0B1C 004:386.392 JLINK_GetNumWPUnits()
T0B1C 004:386.451 - 0.058ms returns 4
T0B1C 004:386.952 JLINK_GetNumBPUnits(Type = 0xFFFFFF00)
T0B1C 004:387.017 - 0.064ms returns 0x08
T0B1C 004:387.053 JLINK_GetNumWPUnits()
T0B1C 004:387.085 - 0.032ms returns 4
T0B1C 004:387.485 JLINK_GetNumBPUnits(Type = 0xFFFFFF00)
T0B1C 004:387.552 - 0.066ms returns 0x08
T0B1C 004:387.587 JLINK_GetNumWPUnits()
T0B1C 004:387.619 - 0.032ms returns 4
T0B1C 004:388.150 JLINK_GetNumBPUnits(Type = 0xFFFFFF00)
T0B1C 004:388.224 - 0.073ms returns 0x08
T0B1C 004:388.259 JLINK_GetNumWPUnits()
T0B1C 004:388.292 - 0.032ms returns 4
T39D4 011:205.148 JLINK_IsHalted()
T39D4 011:206.033 - 0.884ms returns TRUE
T39D4 011:206.111 JLINK_GoEx(MaxEmulInsts = 0, Flags = 0x01)
T39D4 011:206.158   CPU_WriteMem(4 bytes @ 0xE0002000)
T39D4 011:206.894   CPU_ReadMem(4 bytes @ 0xE0001000)
T39D4 011:207.634   CPU_WriteMem(4 bytes @ 0xE0002008)
T39D4 011:207.690   CPU_WriteMem(4 bytes @ 0xE000200C)
T39D4 011:207.712   CPU_WriteMem(4 bytes @ 0xE0002010)
T39D4 011:207.733   CPU_WriteMem(4 bytes @ 0xE0002014)
T39D4 011:207.754   CPU_WriteMem(4 bytes @ 0xE0002018)
T39D4 011:207.774   CPU_WriteMem(4 bytes @ 0xE000201C)
T39D4 011:207.797   CPU_WriteMem(4 bytes @ 0xE0002020)
T39D4 011:207.818   CPU_WriteMem(4 bytes @ 0xE0002024)
T39D4 011:211.637   CPU_WriteMem(4 bytes @ 0xE0001004)
T39D4 011:213.404   Memory map 'after startup completion point' is active
T39D4 011:213.498 - 7.386ms 
T39D4 011:317.954 JLINK_IsHalted()
T39D4 011:325.280 - 7.325ms returns TRUE
T39D4 011:325.442 JLINK_ReadReg(XPSR)
T39D4 011:325.488   CPU_ReadMem(4 bytes @ 0xE000EE08)
T39D4 011:326.580 - 1.137ms returns 0x69000000
T39D4 011:326.696 JLINK_ReadReg(R15 (PC))
T39D4 011:326.738 - 0.042ms returns 0x00000F56
T39D4 011:326.782 JLINK_ReadReg(XPSR)
T39D4 011:326.818 - 0.035ms returns 0x69000000
T39D4 011:326.946 JLINK_ReadReg(XPSR)
T39D4 011:327.002 - 0.056ms returns 0x69000000
T39D4 011:327.041 JLINK_ReadReg(R15 (PC))
T39D4 011:327.077 - 0.036ms returns 0x00000F56
T39D4 011:327.114 JLINK_ReadReg(XPSR)
T39D4 011:327.149 - 0.034ms returns 0x69000000
T39D4 011:327.185 JLINK_ReadReg(XPSR)
T39D4 011:327.220 - 0.035ms returns 0x69000000
T39D4 011:327.255 JLINK_ReadMem(0x00000F56, 0x1 Bytes, ...)
T39D4 011:327.294    -- Read from flash cache (1 bytes @ 0x00000F56)
T39D4 011:327.344   Data:  FF
T39D4 011:327.393 - 0.137ms returns 0
T39D4 011:327.429 JLINK_IsHalted()
T39D4 011:327.462 - 0.032ms returns TRUE
T39D4 011:327.496 JLINK_ReadReg(XPSR)
T39D4 011:327.528 - 0.031ms returns 0x69000000
T39D4 011:327.561 JLINK_ReadReg(XPSR)
T39D4 011:327.592 - 0.030ms returns 0x69000000
T39D4 011:327.624 JLINK_ReadReg(R15 (PC))
T39D4 011:327.655 - 0.031ms returns 0x00000F56
T39D4 011:327.688 JLINK_ReadReg(XPSR)
T39D4 011:327.719 - 0.031ms returns 0x69000000
T39D4 011:327.750 JLINK_ReadReg(XPSR)
T39D4 011:327.782 - 0.030ms returns 0x69000000
T39D4 011:327.814 JLINK_ReadMem(0x00000F56, 0x1 Bytes, ...)
T39D4 011:327.845    -- Read from flash cache (1 bytes @ 0x00000F56)
T39D4 011:327.890   Data:  FF
T39D4 011:327.936 - 0.122ms returns 0
T39D4 011:328.046 JLINK_IsHalted()
T39D4 011:328.078 - 0.031ms returns TRUE
T39D4 011:328.110 JLINK_ReadReg(XPSR)
T39D4 011:328.142 - 0.031ms returns 0x69000000
T39D4 011:328.174 JLINK_ReadReg(R15 (PC))
T39D4 011:328.205 - 0.031ms returns 0x00000F56
T39D4 011:328.238 JLINK_ReadReg(XPSR)
T39D4 011:328.267 - 0.029ms returns 0x69000000
T39D4 011:328.297 JLINK_ReadReg(XPSR)
T39D4 011:328.326 - 0.029ms returns 0x69000000
T39D4 011:328.357 JLINK_ReadReg(R15 (PC))
T39D4 011:328.386 - 0.029ms returns 0x00000F56
T39D4 011:328.418 JLINK_ReadReg(XPSR)
T39D4 011:328.448 - 0.029ms returns 0x69000000
T39D4 011:328.478 JLINK_ReadReg(XPSR)
T39D4 011:328.508 - 0.029ms returns 0x69000000
T39D4 011:328.537 JLINK_ReadMem(0x00000F56, 0x1 Bytes, ...)
T39D4 011:328.578    -- Read from flash cache (1 bytes @ 0x00000F56)
T39D4 011:328.619   Data:  FF
T39D4 011:328.661 - 0.123ms returns 0
T39D4 011:328.690 JLINK_IsHalted()
T39D4 011:328.718 - 0.027ms returns TRUE
T39D4 011:328.747 JLINK_ReadReg(XPSR)
T39D4 011:328.776 - 0.029ms returns 0x69000000
T39D4 011:328.805 JLINK_ReadReg(XPSR)
T39D4 011:328.833 - 0.028ms returns 0x69000000
T39D4 011:328.862 JLINK_ReadReg(R15 (PC))
T39D4 011:328.890 - 0.028ms returns 0x00000F56
T39D4 011:328.920 JLINK_ReadReg(XPSR)
T39D4 011:328.948 - 0.028ms returns 0x69000000
T39D4 011:328.978 JLINK_ReadReg(XPSR)
T39D4 011:329.006 - 0.028ms returns 0x69000000
T39D4 011:329.035 JLINK_ReadMem(0x00000F56, 0x1 Bytes, ...)
T39D4 011:329.062    -- Read from flash cache (1 bytes @ 0x00000F56)
T39D4 011:329.105   Data:  FF
T39D4 011:329.146 - 0.111ms returns 0
T39D4 011:330.952 JLINK_ReadRegs(NumRegs = 20)
T39D4 011:331.105   
  R0 (0)        = 0x00                 R1 (1)        = 0xCE                 R2 (2)        = 0x160                R3 (3)        = 0x00              
  R4 (4)        = 0x00                 R5 (5)        = 0x00                 R6 (6)        = 0x00                 R7 (7)        = 0x00              
  R8 (8)        = 0x2003FB00           R9 (9)        = 0x2003FB00           R10 (10)      = 0x20007FDE           R11 (11)      = 0x01              
  R12 (12)      = 0x0E                 R13 (SP) (13) = 0x20000410           R14 (14)      = 0x473B               R15 (PC) (15) = 0xF56             
  XPSR (16)     = 0x69000000           MSPLIM (86)   = 0x20000020           PSPLIM (87)   = 0x00                 CFBP (20)     = 0x00              
T39D4 011:331.168 - 0.216ms returns 0x00
T39D4 011:333.509 JLINK_ReadMem(0x00000F56, 0x4 Bytes, ...)
T39D4 011:333.586    -- Read from flash cache (4 bytes @ 0x00000F56)
T39D4 011:333.641   Data:  FF F7 69 FD
T39D4 011:333.691 - 0.181ms returns 0
T39D4 011:335.887 JLINK_ClrBPEx(BPHandle = 0x00000002)
T39D4 011:336.182 - 0.294ms returns 0x00
T0B1C 011:336.778 JLINK_ReadReg(XPSR)
T0B1C 011:336.821 - 0.042ms returns 0x69000000
T0B1C 011:336.837 JLINK_ReadReg(R15 (PC))
T0B1C 011:336.851 - 0.014ms returns 0x00000F56
T0B1C 011:337.139 JLINK_IsHalted()
T0B1C 011:337.178 - 0.039ms returns TRUE
T0B1C 011:337.194 JLINK_ReadReg(XPSR)
T0B1C 011:337.212 - 0.017ms returns 0x69000000
T0B1C 011:337.227 JLINK_ReadReg(R15 (PC))
T0B1C 011:337.243 - 0.016ms returns 0x00000F56
T0B1C 011:337.258 JLINK_ReadReg(XPSR)
T0B1C 011:337.273 - 0.014ms returns 0x69000000
T0B1C 011:337.287 JLINK_ReadReg(XPSR)
T0B1C 011:337.302 - 0.014ms returns 0x69000000
T0B1C 011:337.316 JLINK_ReadReg(R15 (PC))
T0B1C 011:337.334 - 0.017ms returns 0x00000F56
T0B1C 011:337.363 JLINK_ReadReg(XPSR)
T0B1C 011:337.392 - 0.028ms returns 0x69000000
T0B1C 011:337.421 JLINK_ReadReg(XPSR)
T0B1C 011:337.450 - 0.028ms returns 0x69000000
T0B1C 011:337.479 JLINK_ReadMem(0x00000F56, 0x1 Bytes, ...)
T0B1C 011:337.511    -- Read from flash cache (1 bytes @ 0x00000F56)
T0B1C 011:337.553   Data:  FF
T0B1C 011:337.594 - 0.115ms returns 0
T0B1C 011:337.624 JLINK_IsHalted()
T0B1C 011:337.650 - 0.025ms returns TRUE
T0B1C 011:337.694 JLINK_ReadReg(XPSR)
T0B1C 011:337.722 - 0.027ms returns 0x69000000
T0B1C 011:337.751 JLINK_ReadReg(XPSR)
T0B1C 011:337.778 - 0.027ms returns 0x69000000
T0B1C 011:337.806 JLINK_ReadReg(R15 (PC))
T0B1C 011:337.833 - 0.026ms returns 0x00000F56
T0B1C 011:337.861 JLINK_ReadReg(XPSR)
T0B1C 011:337.887 - 0.026ms returns 0x69000000
T0B1C 011:337.915 JLINK_ReadReg(XPSR)
T0B1C 011:337.942 - 0.026ms returns 0x69000000
T0B1C 011:337.969 JLINK_ReadMem(0x00000F56, 0x1 Bytes, ...)
T0B1C 011:337.997    -- Read from flash cache (1 bytes @ 0x00000F56)
T0B1C 011:338.035   Data:  FF
T0B1C 011:338.074 - 0.104ms returns 0
T0B1C 011:338.159 JLINK_ReadMem(0xE0001000, 0x4 Bytes, ...)
T0B1C 011:338.183   CPU_ReadMem(4 bytes @ 0xE0001000)
T0B1C 011:339.074   Data:  01 00 00 40
T0B1C 011:339.157   Debug reg: DWT_CTRL
T0B1C 011:339.206 - 1.047ms returns 0
T0B1C 011:339.250 JLINK_WriteMem(0xE0001FB0, 0x8 Bytes, ...)
T0B1C 011:339.285   Data:  00 00 00 00 55 CE AC C5
T0B1C 011:339.604   CPU_WriteMem(8 bytes @ 0xE0001FB0)
T0B1C 011:340.526 - 1.276ms returns 0x8
T0B1C 011:340.602 JLINK_ReadMem(0xE000EDFC, 0x4 Bytes, ...)
T0B1C 011:340.642   CPU_ReadMem(4 bytes @ 0xE000EDFC)
T0B1C 011:341.365   Data:  00 00 10 01
T0B1C 011:341.478   Debug reg: DEMCR
T0B1C 011:341.507 - 0.904ms returns 0
T0B1C 011:342.378 JLINK_ReadMem(0xE0001004, 0x4 Bytes, ...)
T0B1C 011:342.450   CPU_ReadMem(4 bytes @ 0xE0001004)
T0B1C 011:343.175   Data:  E2 60 02 00
T0B1C 011:343.234   Debug reg: DWT_CYCCNT
T0B1C 011:343.255 - 0.876ms returns 0
T39D4 011:347.430 JLINK_ReadMem(0x00000F56, 0x4 Bytes, ...)
T39D4 011:347.583    -- Read from flash cache (4 bytes @ 0x00000F56)
T39D4 011:347.641   Data:  FF F7 69 FD
T39D4 011:347.686 - 0.255ms returns 0
T39D4 012:500.731 JLINK_ReadMem(0xE0001004, 0x4 Bytes, ...)
T39D4 012:500.875   Data:  E2 60 02 00
T39D4 012:500.971   Debug reg: DWT_CYCCNT
T39D4 012:501.064 - 0.333ms returns 0
T39D4 012:501.138 JLINK_IsHalted()
T39D4 012:502.010 - 0.870ms returns TRUE
T39D4 012:502.851 JLINK_ReadMem(0xE0001004, 0x4 Bytes, ...)
T39D4 012:502.944   Data:  E2 60 02 00
T39D4 012:503.013   Debug reg: DWT_CYCCNT
T39D4 012:503.078 - 0.227ms returns 0
T39D4 012:503.147 JLINK_GoEx(MaxEmulInsts = 0, Flags = 0x01)
T39D4 012:503.220   CPU_ReadMem(4 bytes @ 0xE0001000)
T39D4 012:504.741   CPU_WriteMem(4 bytes @ 0xE0002008)
T39D4 012:508.233 - 5.085ms 
T39D4 012:614.728 JLINK_IsHalted()
T39D4 012:616.072 - 1.339ms returns FALSE
T39D4 012:616.406 JLINK_IsHalted()
T39D4 012:617.448 - 1.040ms returns FALSE
T39D4 012:723.733 JLINK_IsHalted()
T39D4 012:724.806 - 1.071ms returns FALSE
T39D4 012:724.924 JLINK_IsHalted()
T39D4 012:725.786 - 0.861ms returns FALSE
T39D4 012:833.506 JLINK_IsHalted()
T39D4 012:834.333 - 0.826ms returns FALSE
T39D4 012:834.432 JLINK_IsHalted()
T39D4 012:835.221 - 0.788ms returns FALSE
T39D4 012:942.129 JLINK_IsHalted()
T39D4 012:943.181 - 1.050ms returns FALSE
T39D4 012:943.290 JLINK_IsHalted()
T39D4 012:944.074 - 0.783ms returns FALSE
T39D4 013:051.620 JLINK_IsHalted()
T39D4 013:052.634 - 1.008ms returns FALSE
T39D4 013:052.739 JLINK_IsHalted()
T39D4 013:053.498 - 0.757ms returns FALSE
T39D4 013:161.536 JLINK_IsHalted()
T39D4 013:162.710 - 1.172ms returns FALSE
T39D4 013:162.821 JLINK_IsHalted()
T39D4 013:163.720 - 0.895ms returns FALSE
T39D4 013:270.194 JLINK_IsHalted()
T39D4 013:271.344 - 1.148ms returns FALSE
T39D4 013:271.450 JLINK_IsHalted()
T39D4 013:272.438 - 0.986ms returns FALSE
T39D4 013:379.883 JLINK_IsHalted()
T39D4 013:380.678 - 0.793ms returns FALSE
T39D4 013:380.725 JLINK_IsHalted()
T39D4 013:381.504 - 0.779ms returns FALSE
T39D4 013:489.034 JLINK_IsHalted()
T39D4 013:490.130 - 1.095ms returns FALSE
T39D4 013:490.221 JLINK_IsHalted()
T39D4 013:491.123 - 0.901ms returns FALSE
T0B1C 013:505.405 JLINK_IsHalted()
T0B1C 013:506.616 - 1.209ms returns FALSE
T0B1C 013:506.717 JLINK_IsHalted()
T0B1C 013:507.741 - 1.021ms returns FALSE
T39D4 013:598.845 JLINK_IsHalted()
T39D4 013:600.286 - 1.437ms returns FALSE
T39D4 013:600.750 JLINK_IsHalted()
T39D4 013:601.806 - 1.054ms returns FALSE
T39D4 013:708.099 JLINK_IsHalted()
T39D4 013:709.475 - 1.373ms returns FALSE
T39D4 013:709.666 JLINK_IsHalted()
T39D4 013:710.834 - 1.165ms returns FALSE
T39D4 013:817.555 JLINK_IsHalted()
T39D4 013:818.954 - 1.397ms returns FALSE
T39D4 013:819.109 JLINK_IsHalted()
T39D4 013:819.992 - 0.881ms returns FALSE
T39D4 013:927.339 JLINK_IsHalted()
T39D4 013:928.246 - 0.906ms returns FALSE
T39D4 013:928.331 JLINK_IsHalted()
T39D4 013:929.146 - 0.814ms returns FALSE
T39D4 014:036.786 JLINK_IsHalted()
T39D4 014:037.765 - 0.976ms returns FALSE
T39D4 014:037.982 JLINK_IsHalted()
T39D4 014:039.226 - 1.240ms returns FALSE
T39D4 014:145.582 JLINK_IsHalted()
T39D4 014:146.488 - 0.900ms returns FALSE
T39D4 014:146.528 JLINK_IsHalted()
T39D4 014:147.264 - 0.735ms returns FALSE
T39D4 014:254.651 JLINK_IsHalted()
T39D4 014:255.843 - 1.190ms returns FALSE
T39D4 014:255.955 JLINK_IsHalted()
T39D4 014:257.082 - 1.122ms returns FALSE
T39D4 014:365.136 JLINK_IsHalted()
T39D4 014:366.053 - 0.915ms returns FALSE
T39D4 014:366.138 JLINK_IsHalted()
T39D4 014:366.840 - 0.702ms returns FALSE
T39D4 014:473.411 JLINK_IsHalted()
T39D4 014:474.512 - 1.098ms returns FALSE
T39D4 014:474.613 JLINK_IsHalted()
T39D4 014:475.515 - 0.901ms returns FALSE
T0B1C 014:508.704 JLINK_IsHalted()
T0B1C 014:510.112 - 1.408ms returns FALSE
T0B1C 014:510.266 JLINK_IsHalted()
T0B1C 014:511.013 - 0.746ms returns FALSE
T39D4 014:583.414 JLINK_IsHalted()
T39D4 014:585.029 - 1.613ms returns FALSE
T39D4 014:585.438 JLINK_IsHalted()
T39D4 014:586.264 - 0.823ms returns FALSE
T39D4 014:692.326 JLINK_IsHalted()
T39D4 014:693.742 - 1.414ms returns FALSE
T39D4 014:693.896 JLINK_IsHalted()
T39D4 014:695.261 - 1.364ms returns FALSE
T39D4 014:802.102 JLINK_IsHalted()
T39D4 014:803.413 - 1.309ms returns FALSE
T39D4 014:803.539 JLINK_IsHalted()
T39D4 014:804.598 - 1.059ms returns FALSE
T39D4 014:911.120 JLINK_IsHalted()
T39D4 014:912.734 - 1.613ms returns FALSE
T39D4 014:912.954 JLINK_IsHalted()
T39D4 014:914.464 - 1.506ms returns FALSE
T39D4 015:020.262 JLINK_IsHalted()
T39D4 015:021.622 - 1.360ms returns FALSE
T39D4 015:021.792 JLINK_IsHalted()
T39D4 015:022.813 - 1.018ms returns FALSE
T39D4 015:130.144 JLINK_IsHalted()
T39D4 015:131.296 - 1.150ms returns FALSE
T39D4 015:131.555 JLINK_IsHalted()
T39D4 015:132.581 - 1.025ms returns FALSE
T39D4 015:239.779 JLINK_IsHalted()
T39D4 016:140.723 - 900.938ms returns ERROR
T39D4 016:141.018 JLINK_IsHalted()
T39D4 017:242.024 - 1101.003ms returns ERROR
T0B1C 017:245.228 JLINK_IsHalted()
T0B1C 018:346.258 - 1101.027ms returns ERROR
T0B1C 018:348.236 JLINK_IsHalted()
T0B1C 019:448.656 - 1100.417ms returns ERROR
T539C 019:451.384 JLINK_Halt()
T539C 019:951.660   
  ***** Warning: 
T539C 019:951.782   CPU could not be halted
T539C 019:951.828 - 500.443ms returns 0x01
T539C 019:951.878 JLINK_ReadReg(XPSR)
T539C 021:052.060   CPU is running
T539C 021:052.220   
  ***** Error: 
T539C 021:052.276   Cannot read register 16 (XPSR) while CPU is running
T539C 021:052.334 - 1100.454ms returns 0x00000000
T539C 021:060.834 JLINK_Close()
T539C 021:061.626   CPU is running
T539C 021:061.700   CPU_WriteMem(4 bytes @ 0xE0002008)
T539C 021:262.100   CPU is running
T539C 021:262.400   CPU_WriteMem(4 bytes @ 0xE000200C)
T539C 021:463.086   CPU is running
T539C 021:463.284   CPU_WriteMem(4 bytes @ 0xE0002010)
T539C 021:664.512   CPU is running
T539C 021:665.158   CPU_WriteMem(4 bytes @ 0xE0002014)
T539C 021:866.186   CPU is running
T539C 021:866.596   CPU_WriteMem(4 bytes @ 0xE0002018)
T539C 022:068.238   CPU is running
T539C 022:068.900   CPU_WriteMem(4 bytes @ 0xE000201C)
T539C 022:269.460   CPU is running
T539C 022:269.766   CPU_WriteMem(4 bytes @ 0xE0002020)
T539C 022:470.234   CPU is running
T539C 022:470.400   CPU_WriteMem(4 bytes @ 0xE0002024)
T539C 024:929.666 - 3868.829ms
T539C 024:929.756   
T539C 024:929.788   Closed
